{"logTime": "1031/150621", "correlationVector":"y5bcUkWg/gJImpAytE305i.1","action":"SyncServerConnectionManagerRequest", "result":"SYNC_SERVER_OK", "context":{"environment":"Prod_francecentral_prod-s01-062-eur-francecentral", "migrationStage":"NotStarted", "server":"akswtt10700001j"}}
{"logTime": "1031/150621", "correlationVector":"y5bcUkWg/gJImpAytE305i.2","action":"ProcessGetUpdates", "result":"Done", "context":{"dataType":"Encryption Keys", "deleted":"0", "process_failed_to_decrypt":"0", "process_pending_decryption":"0", "process_success":"1", "total":"1"}}
{"logTime": "1031/150621", "correlationVector":"XsfyKh4PbrF3K6Z43E/Z8M","action":"SyncServerConnectionManagerRequest", "result":"SYNC_SERVER_OK", "context":{"environment":"", "migrationStage":"", "server":""}}
{"logTime": "1031/150621", "correlationVector":"XsfyKh4PbrF3K6Z43E/Z8M.0","action":"EncryptionKeysFetcher.DownloadKeys:", "result":"Success", "context":Key count: 10, Last key timestamp: 2025-07-21T20:07:34Z}
{"logTime": "1031/150621", "correlationVector":"XsfyKh4PbrF3K6Z43E/Z8M.1","action":"EncryptionKeysManager::SetEncryptionKeys:", "result":"Success", "context":Key names[10]:[32AYpvkSpTgEaBxEjrMePURQjlTz6iZfuN3zcTcowWP00pSDSjIon9Lmp7YX1oNcgYR9zymQMa1bid3qyLyuPA==][eBT1TM8TJWC1pCtvL3xbHgvFaXE2KuC9OZoa3qwsYJ0+ngqA9uOZ9MsHm1aPrdl+6PUPFlaIiHhKT6gilu2omQ==][NWw3NlIoQzemHWXhGy1Eeo+TBZa7zI2g0rfjvaneJHVVrzPgbxCElpZ3yuM6CVkLPltZaKqI2Irbsd3ZKod1Pg==][m91P/SIWCKCa5wdtwPFjdJCD/2xqICjs5V4Hj0SyO5F4ymXzAVPmRGtmac0nNV8Zf4Hnx3//Sxb5vwD0DgJwRA==][+1z9e6EL6atMT4VMeLk/7RkfAnG/82xJiyCUSVrmemZ51UxCf1wOHe9pExZFsC0TidBHkb6fCks8wNuzKV6VZw==][TULxvf+5JUB6Jp9/RGGFA2falzxgkzFRsY9LCIC+FF06Ij8mRcUDVNzdOc7ySUqqJo8B1btxslIqE9tF0EFtUA==][NnstjHVZjf/dGEeBKR3n6l1r12uySzzIcEsSlyShbg0R+4xhwUw9YK5spP9i5lgYUi19/KXFDn3lFytLjK9y1g==][QQrXz0OI7J1hQr/68PUbZ78bqov5SP4Rpwf+IMgeWPUfUEOFBLmHNpUABRBEp7nHufQXCVJUr3xwaNwexxA9fQ==][Dkxoy51wFnCvKog4X8xLtCiu/ErioBt/XeArySu9/lnVynFDU8dsluIK+H61SVu3yX11oTgPaKexZkVdnWtcSw==][8/IdLEoMq4f/Ppo4AvRVkt260AludYz1y/QT7yTVcH6VctPab8dxVixSpb7O5MU9pAbcTEZ2FpXltq2Km6WqDg==]}
{"logTime": "1031/150621", "correlationVector":"XsfyKh4PbrF3K6Z43E/Z8M.2","action":"EncryptionKeysManager::SetEncryptionKeysWithTimestamps:", "result":"Success", "context":Key timestamps[10]:[2021-04-02T08:48:48Z][2021-11-14T17:32:32Z][2022-05-19T19:31:41Z][2022-12-03T14:50:29Z][2023-05-26T16:14:56Z][2023-11-27T10:35:18Z][2024-05-25T11:15:40Z][2024-11-24T14:02:06Z][2025-05-24T21:06:38Z][2025-07-21T20:07:34Z]}
{"logTime": "1031/150621", "correlationVector":"y5bcUkWg/gJImpAytE305i","action":"Initial GetUpdates", "result":"", "context":Reason: NEW_CLIENT. cV=y5bcUkWg/gJImpAytE305i}
{"logTime": "1031/150621", "correlationVector":"y5bcUkWg/gJImpAytE305i.3","action":"GetUpdates Response", "result":"Success", "context":Received 1 update(s). cV=y5bcUkWg/gJImpAytE305i.0;server=akswtt10700001j;cloudType=Consumer;environment=Prod_francecentral_prod-s01-062-eur-francecentral;migrationStage=NotStarted}
{"logTime": "1031/150621", "correlationVector":"yEq3oGwt+Y0pOWqjCLqtwi","action":"Initial GetUpdates", "result":"", "context":Reason: NEWLY_SUPPORTED_DATATYPE. cV=yEq3oGwt+Y0pOWqjCLqtwi}
{"logTime": "1031/150622", "correlationVector":"yEq3oGwt+Y0pOWqjCLqtwi.1","action":"SyncServerConnectionManagerRequest", "result":"SYNC_SERVER_OK", "context":{"environment":"Prod_francecentral_prod-s01-062-eur-francecentral", "migrationStage":"NotStarted", "server":"akswtt10700000s"}}
{"logTime": "1031/150622", "correlationVector":"yEq3oGwt+Y0pOWqjCLqtwi.2","action":"ProcessGetUpdates", "result":"Done", "context":{"dataType":"Preferences", "deleted":"0", "process_failed_to_decrypt":"0", "process_pending_decryption":"0", "process_success":"72", "total":"72"}}
{"logTime": "1031/150622", "correlationVector":"yEq3oGwt+Y0pOWqjCLqtwi.3","action":"ProcessGetUpdates", "result":"Done", "context":{"dataType":"Passwords", "deleted":"1", "process_failed_to_decrypt":"0", "process_pending_decryption":"0", "process_success":"10", "total":"10"}}
{"logTime": "1031/150622", "correlationVector":"yEq3oGwt+Y0pOWqjCLqtwi.4","action":"ProcessGetUpdates", "result":"Done", "context":{"dataType":"Device Info", "deleted":"0", "process_failed_to_decrypt":"0", "process_pending_decryption":"0", "process_success":"18", "total":"18"}}
{"logTime": "1031/150622", "correlationVector":"yEq3oGwt+Y0pOWqjCLqtwi.5","action":"ProcessGetUpdates", "result":"Done", "context":{"dataType":"Send Tab To Self", "deleted":"1", "process_failed_to_decrypt":"0", "process_pending_decryption":"0", "process_success":"1", "total":"1"}}
{"logTime": "1031/150622", "correlationVector":"yEq3oGwt+Y0pOWqjCLqtwi.6","action":"GetUpdates Response", "result":"Success", "context":Received 101 update(s). cV=yEq3oGwt+Y0pOWqjCLqtwi.0;server=akswtt10700000s;cloudType=Consumer;environment=Prod_francecentral_prod-s01-062-eur-francecentral;migrationStage=NotStarted}
{"logTime": "1031/150622", "correlationVector":"yQXk+FsjYmyTOTimFCzUP0","action":"Initial GetUpdates", "result":"", "context":Reason: NEWLY_SUPPORTED_DATATYPE. cV=yQXk+FsjYmyTOTimFCzUP0}
{"logTime": "1031/150623", "correlationVector":"yQXk+FsjYmyTOTimFCzUP0.1","action":"SyncServerConnectionManagerRequest", "result":"SYNC_SERVER_OK", "context":{"environment":"Prod_francecentral_prod-s01-062-eur-francecentral", "migrationStage":"NotStarted", "server":"akswtt107000018"}}
{"logTime": "1031/150623", "correlationVector":"yQXk+FsjYmyTOTimFCzUP0.2","action":"ProcessGetUpdates", "result":"Done", "context":{"dataType":"Bookmarks", "deleted":"3", "process_failed_to_decrypt":"0", "process_pending_decryption":"0", "process_success":"52", "total":"52"}}
{"logTime": "1031/150623", "correlationVector":"yQXk+FsjYmyTOTimFCzUP0.3","action":"GetUpdates Response", "result":"Success", "context":Received 52 update(s). cV=yQXk+FsjYmyTOTimFCzUP0.0;server=akswtt107000018;cloudType=Consumer;environment=Prod_francecentral_prod-s01-062-eur-francecentral;migrationStage=NotStarted}
{"logTime": "1031/150623", "correlationVector":"ditxhYSEA/IAnKs8+h42ma","action":"Initial GetUpdates", "result":"", "context":Reason: NEWLY_SUPPORTED_DATATYPE. cV=ditxhYSEA/IAnKs8+h42ma}
{"logTime": "1031/150624", "correlationVector":"ditxhYSEA/IAnKs8+h42ma.1","action":"SyncServerConnectionManagerRequest", "result":"SYNC_SERVER_OK", "context":{"environment":"Prod_francecentral_prod-s01-062-eur-francecentral", "migrationStage":"NotStarted", "server":"akswtt107000019"}}
{"logTime": "1031/150624", "correlationVector":"ditxhYSEA/IAnKs8+h42ma.2","action":"ProcessGetUpdates", "result":"Done", "context":{"dataType":"Autofill Profiles", "deleted":"0", "process_failed_to_decrypt":"0", "process_pending_decryption":"0", "process_success":"6", "total":"6"}}
{"logTime": "1031/150624", "correlationVector":"ditxhYSEA/IAnKs8+h42ma.3","action":"ProcessGetUpdates", "result":"Done", "context":{"dataType":"Autofill", "deleted":"0", "process_failed_to_decrypt":"0", "process_pending_decryption":"0", "process_success":"244", "total":"244"}}
{"logTime": "1031/150624", "correlationVector":"ditxhYSEA/IAnKs8+h42ma.4","action":"GetUpdates Response", "result":"Success", "context":Received 250 update(s). cV=ditxhYSEA/IAnKs8+h42ma.0;server=akswtt107000019;cloudType=Consumer;environment=Prod_francecentral_prod-s01-062-eur-francecentral;migrationStage=NotStarted Some updates remain.}
{"logTime": "1031/150624", "correlationVector":"+8DogZbLL8POlTfmwyY/QJ","action":"Initial GetUpdates", "result":"", "context":Reason: NEWLY_SUPPORTED_DATATYPE. cV=+8DogZbLL8POlTfmwyY/QJ}
{"logTime": "1031/150624", "correlationVector":"+8DogZbLL8POlTfmwyY/QJ.1","action":"SyncServerConnectionManagerRequest", "result":"SYNC_SERVER_OK", "context":{"environment":"Prod_westeurope_prod-s01-080-eur-westeurope", "migrationStage":"NotStarted", "server":"akswtt10700000k"}}
{"logTime": "1031/150624", "correlationVector":"+8DogZbLL8POlTfmwyY/QJ.2","action":"ProcessGetUpdates", "result":"Done", "context":{"dataType":"Autofill Profiles", "deleted":"0", "process_failed_to_decrypt":"0", "process_pending_decryption":"0", "process_success":"4", "total":"4"}}
{"logTime": "1031/150624", "correlationVector":"+8DogZbLL8POlTfmwyY/QJ.3","action":"ProcessGetUpdates", "result":"Done", "context":{"dataType":"Autofill", "deleted":"0", "process_failed_to_decrypt":"0", "process_pending_decryption":"0", "process_success":"53", "total":"53"}}
{"logTime": "1031/150624", "correlationVector":"+8DogZbLL8POlTfmwyY/QJ.4","action":"ProcessGetUpdates", "result":"Done", "context":{"dataType":"Sessions", "deleted":"184", "process_failed_to_decrypt":"0", "process_pending_decryption":"0", "process_success":"184", "total":"184"}}
{"logTime": "1031/150624", "correlationVector":"+8DogZbLL8POlTfmwyY/QJ.5","action":"ProcessGetUpdates", "result":"Done", "context":{"dataType":"Web Apps", "deleted":"0", "process_failed_to_decrypt":"0", "process_pending_decryption":"0", "process_success":"1", "total":"1"}}
{"logTime": "1031/150624", "correlationVector":"+8DogZbLL8POlTfmwyY/QJ.6","action":"ProcessGetUpdates", "result":"Done", "context":{"dataType":"Edge Hub App Usage", "deleted":"2", "process_failed_to_decrypt":"0", "process_pending_decryption":"0", "process_success":"8", "total":"8"}}
{"logTime": "1031/150624", "correlationVector":"+8DogZbLL8POlTfmwyY/QJ.7","action":"GetUpdates Response", "result":"Success", "context":Received 250 update(s). cV=+8DogZbLL8POlTfmwyY/QJ.0;server=akswtt10700000k;cloudType=Consumer;environment=Prod_westeurope_prod-s01-080-eur-westeurope;migrationStage=NotStarted Some updates remain.}
{"logTime": "1031/150624", "correlationVector":"vZ4jS9DzecdJHqhvOHIQdQ","action":"Initial GetUpdates", "result":"", "context":Reason: NEWLY_SUPPORTED_DATATYPE. cV=vZ4jS9DzecdJHqhvOHIQdQ}
{"logTime": "1031/150624", "correlationVector":"vZ4jS9DzecdJHqhvOHIQdQ.1","action":"SyncServerConnectionManagerRequest", "result":"SYNC_SERVER_OK", "context":{"environment":"Prod_francecentral_prod-s01-062-eur-francecentral", "migrationStage":"NotStarted", "server":"akswtt10700000w"}}
{"logTime": "1031/150624", "correlationVector":"vZ4jS9DzecdJHqhvOHIQdQ.2","action":"ProcessGetUpdates", "result":"Done", "context":{"dataType":"Autofill Profiles", "deleted":"10", "process_failed_to_decrypt":"0", "process_pending_decryption":"0", "process_success":"10", "total":"10"}}
{"logTime": "1031/150624", "correlationVector":"vZ4jS9DzecdJHqhvOHIQdQ.3","action":"ProcessGetUpdates", "result":"Done", "context":{"dataType":"Autofill", "deleted":"0", "process_failed_to_decrypt":"0", "process_pending_decryption":"0", "process_success":"47", "total":"47"}}
{"logTime": "1031/150624", "correlationVector":"vZ4jS9DzecdJHqhvOHIQdQ.4","action":"ProcessGetUpdates", "result":"Done", "context":{"dataType":"Sessions", "deleted":"147", "process_failed_to_decrypt":"0", "process_pending_decryption":"0", "process_success":"176", "total":"176"}}
{"logTime": "1031/150624", "correlationVector":"vZ4jS9DzecdJHqhvOHIQdQ.5","action":"ProcessGetUpdates", "result":"Done", "context":{"dataType":"Edge Hub App Usage", "deleted":"2", "process_failed_to_decrypt":"0", "process_pending_decryption":"0", "process_success":"17", "total":"17"}}
{"logTime": "1031/150624", "correlationVector":"vZ4jS9DzecdJHqhvOHIQdQ.6","action":"GetUpdates Response", "result":"Success", "context":Received 250 update(s). cV=vZ4jS9DzecdJHqhvOHIQdQ.0;server=akswtt10700000w;cloudType=Consumer;environment=Prod_francecentral_prod-s01-062-eur-francecentral;migrationStage=NotStarted Some updates remain.}
{"logTime": "1031/150624", "correlationVector":"0CVevYJjJXP33rQQFtEBcs","action":"Initial GetUpdates", "result":"", "context":Reason: NEWLY_SUPPORTED_DATATYPE. cV=0CVevYJjJXP33rQQFtEBcs}
{"logTime": "1031/150625", "correlationVector":"0CVevYJjJXP33rQQFtEBcs.1","action":"SyncServerConnectionManagerRequest", "result":"SYNC_SERVER_OK", "context":{"environment":"Prod_westeurope_prod-s01-080-eur-westeurope", "migrationStage":"NotStarted", "server":"akswtt10700000i"}}
{"logTime": "1031/150625", "correlationVector":"0CVevYJjJXP33rQQFtEBcs.2","action":"ProcessGetUpdates", "result":"Done", "context":{"dataType":"Autofill", "deleted":"0", "process_failed_to_decrypt":"0", "process_pending_decryption":"0", "process_success":"2", "total":"2"}}
{"logTime": "1031/150625", "correlationVector":"0CVevYJjJXP33rQQFtEBcs.3","action":"ProcessGetUpdates", "result":"Done", "context":{"dataType":"Sessions", "deleted":"3", "process_failed_to_decrypt":"0", "process_pending_decryption":"0", "process_success":"8", "total":"8"}}
{"logTime": "1031/150625", "correlationVector":"0CVevYJjJXP33rQQFtEBcs.4","action":"GetUpdates Response", "result":"Success", "context":Received 10 update(s). cV=0CVevYJjJXP33rQQFtEBcs.0;server=akswtt10700000i;cloudType=Consumer;environment=Prod_westeurope_prod-s01-080-eur-westeurope;migrationStage=NotStarted}
{"logTime": "1031/150625", "correlationVector":"bVLKACQ9O1TXXImM3zgvB0","action":"Initial GetUpdates", "result":"", "context":Reason: NEWLY_SUPPORTED_DATATYPE. cV=bVLKACQ9O1TXXImM3zgvB0}
{"logTime": "1031/150625", "correlationVector":"bVLKACQ9O1TXXImM3zgvB0.1","action":"SyncServerConnectionManagerRequest", "result":"SYNC_SERVER_OK", "context":{"environment":"Prod_francecentral_prod-s01-062-eur-francecentral", "migrationStage":"NotStarted", "server":"akswtt10700001p"}}
{"logTime": "1031/150625", "correlationVector":"bVLKACQ9O1TXXImM3zgvB0.2","action":"ProcessGetUpdates", "result":"Done", "context":{"dataType":"History", "deleted":"0", "process_failed_to_decrypt":"0", "process_pending_decryption":"0", "process_success":"59", "total":"59"}}
{"logTime": "1031/150625", "correlationVector":"bVLKACQ9O1TXXImM3zgvB0.3","action":"GetUpdates Response", "result":"Success", "context":Received 59 update(s). cV=bVLKACQ9O1TXXImM3zgvB0.0;server=akswtt10700001p;cloudType=Consumer;environment=Prod_francecentral_prod-s01-062-eur-francecentral;migrationStage=NotStarted}
{"logTime": "1031/150625", "correlationVector":"fvKvddv/JY1CKWQ2dNBnAu","action":"Normal GetUpdate request", "result":"", "context":cV=fvKvddv/JY1CKWQ2dNBnAu
Nudged types: Sessions, Device Info, User Consents
Refresh requested types: Bookmarks, Preferences, Passwords, Autofill Profiles, Autofill, Extensions, Sessions, Extension settings, History Delete Directives, Device Info, User Consents, Send Tab To Self, Web Apps, History, Saved Tab Group, WebAuthn Credentials, Collection, Edge E Drop, Edge Hub App Usage, Edge Wallet, Encryption Keys}
{"logTime": "1031/150625", "correlationVector":"fvKvddv/JY1CKWQ2dNBnAu.1","action":"SyncServerConnectionManagerRequest", "result":"SYNC_SERVER_OK", "context":{"environment":"Prod_francecentral_prod-s01-062-eur-francecentral", "migrationStage":"NotStarted", "server":"akswtt107000003"}}
{"logTime": "1031/150625", "correlationVector":"fvKvddv/JY1CKWQ2dNBnAu.2","action":"GetUpdates Response", "result":"Success", "context":Received 0 update(s). cV=fvKvddv/JY1CKWQ2dNBnAu.0;server=akswtt107000003;cloudType=Consumer;environment=Prod_francecentral_prod-s01-062-eur-francecentral;migrationStage=NotStarted}
{"logTime": "1031/150625", "correlationVector":"cPofGlVX3N1q/JJt9BjBuj","action":"DoCompareDataConsistency requsted types: ", "result":"Bookmarks, Preferences, Passwords, Extensions, Extension settings, History Delete Directives, Send Tab To Self, Web Apps, History, Saved Tab Group, WebAuthn Credentials, Collection, Edge E Drop, Edge Wallet, Encryption Keys"}
{"logTime": "1031/150625", "correlationVector":"cPofGlVX3N1q/JJt9BjBuj.0","action":"CompareDataConsistency result: ", "result":"Compare result: Encryption Keys is consistent. local entities count is: 1 local entities hash is: tpfZ3Lzz+0K+GOZ0m4cBeGxVdTo="}
{"logTime": "1031/150625", "correlationVector":"cPofGlVX3N1q/JJt9BjBuj.1","action":"CompareDataConsistency result: ", "result":"Compare result: Bookmarks is consistent. local entities count is: 43 local entities hash is: yRD0Qv0OpLyeERtm23NYvKcevA4="}
{"logTime": "1031/150625", "correlationVector":"cPofGlVX3N1q/JJt9BjBuj.2","action":"CompareDataConsistency result: ", "result":"Compare result: Preferences is consistent. local entities count is: 72 local entities hash is: 34adsHOqY/OuhDNvBbYQu2xfKWU="}
{"logTime": "1031/150625", "correlationVector":"cPofGlVX3N1q/JJt9BjBuj.3","action":"CompareDataConsistency result: ", "result":"Compare result: Extensions is consistent. local entities count is: 0 local entities hash is: "}
{"logTime": "1031/150625", "correlationVector":"cPofGlVX3N1q/JJt9BjBuj.4","action":"CompareDataConsistency result: ", "result":"Compare result: Extension settings is consistent. local entities count is: 0 local entities hash is: "}
{"logTime": "1031/150625", "correlationVector":"cPofGlVX3N1q/JJt9BjBuj.5","action":"CompareDataConsistency result: ", "result":"Compare result: History Delete Directives is consistent. local entities count is: 0 local entities hash is: "}
{"logTime": "1031/150625", "correlationVector":"cPofGlVX3N1q/JJt9BjBuj.6","action":"CompareDataConsistency result: ", "result":"Server did not send this Send Tab To Self local entities count is: 0 local entities hash is: "}
{"logTime": "1031/150625", "correlationVector":"cPofGlVX3N1q/JJt9BjBuj.7","action":"CompareDataConsistency result: ", "result":"Compare result: Web Apps is consistent. local entities count is: 1 local entities hash is: SfM67IQhOW48aCYDAgr0KjPJ9Pk="}
{"logTime": "1031/150625", "correlationVector":"cPofGlVX3N1q/JJt9BjBuj.8","action":"CompareDataConsistency result: ", "result":"Server did not send this History local entities count is: 0 local entities hash is: "}
{"logTime": "1031/150625", "correlationVector":"cPofGlVX3N1q/JJt9BjBuj.9","action":"CompareDataConsistency result: ", "result":"Compare result: Saved Tab Group is consistent. local entities count is: 0 local entities hash is: "}
{"logTime": "1031/150625", "correlationVector":"cPofGlVX3N1q/JJt9BjBuj.10","action":"CompareDataConsistency result: ", "result":"Server did not send this WebAuthn Credentials local entities count is: 0 local entities hash is: "}
{"logTime": "1031/150625", "correlationVector":"cPofGlVX3N1q/JJt9BjBuj.11","action":"CompareDataConsistency result: ", "result":"Compare result: Collection is consistent. local entities count is: 0 local entities hash is: "}
{"logTime": "1031/150625", "correlationVector":"cPofGlVX3N1q/JJt9BjBuj.12","action":"CompareDataConsistency result: ", "result":"Compare result: Edge E Drop is consistent. local entities count is: 0 local entities hash is: "}
{"logTime": "1031/150625", "correlationVector":"cPofGlVX3N1q/JJt9BjBuj.13","action":"CompareDataConsistency result: ", "result":"Compare result: Edge Wallet is consistent. local entities count is: 0 local entities hash is: "}
{"logTime": "1031/150625", "correlationVector":"cPofGlVX3N1q/JJt9BjBuj.14","action":"CompareDataConsistency result: ", "result":"Compare result: Passwords is consistent. local entities count is: 9 local entities hash is: bx40geQhlicJfMWRaDteydHy1W8="}
{"logTime": "1031/150625", "correlationVector":"G+gkia8qnbkgOPiv8ZM0Ih","action":"Commit Request", "result":"", "context":Item count: 4
Contributing types: Sessions, Device Info, User Consents}
{"logTime": "1031/150626", "correlationVector":"G+gkia8qnbkgOPiv8ZM0Ih.1","action":"SyncServerConnectionManagerRequest", "result":"SYNC_SERVER_OK", "context":{"environment":"Prod_westeurope_prod-s01-080-eur-westeurope", "migrationStage":"NotStarted", "server":"akswtt107000006"}}
{"logTime": "1031/150626", "correlationVector":"G+gkia8qnbkgOPiv8ZM0Ih.2","action":"Commit Response", "result":"Success", "context":Result: Success. cV=G+gkia8qnbkgOPiv8ZM0Ih.0;server=akswtt107000006;cloudType=Consumer;environment=Prod_westeurope_prod-s01-080-eur-westeurope;migrationStage=NotStarted}
{"logTime": "1031/150626", "correlationVector":"","action":"DIAGNOSTIC_REQUEST|v1/diagnosticData/Diagnostic.SendCheckResult()|SUCCESS", "result":""}
{"logTime": "1031/150643", "correlationVector":"SYWWn29Tw5MUoE91YlW3G2","action":"Commit Request", "result":"", "context":Item count: 2
Contributing types: Sessions, User Consents}
{"logTime": "1031/150643", "correlationVector":"SYWWn29Tw5MUoE91YlW3G2.1","action":"SyncServerConnectionManagerRequest", "result":"SYNC_SERVER_OK", "context":{"environment":"Prod_francecentral_prod-s01-062-eur-francecentral", "migrationStage":"NotStarted", "server":"akswtt10700000k"}}
{"logTime": "1031/150643", "correlationVector":"SYWWn29Tw5MUoE91YlW3G2.2","action":"Commit Response", "result":"Success", "context":Result: Success. cV=SYWWn29Tw5MUoE91YlW3G2.0;server=akswtt10700000k;cloudType=Consumer;environment=Prod_francecentral_prod-s01-062-eur-francecentral;migrationStage=NotStarted}
{"logTime": "1031/150651", "correlationVector":"N1Te47ovZi/Dtcq06Yb+qB","action":"Commit Request", "result":"", "context":Item count: 1
Contributing types: Preferences}
{"logTime": "1031/150651", "correlationVector":"N1Te47ovZi/Dtcq06Yb+qB.1","action":"SyncServerConnectionManagerRequest", "result":"SYNC_SERVER_OK", "context":{"environment":"Prod_francecentral_prod-s01-062-eur-francecentral", "migrationStage":"NotStarted", "server":"akswtt10700000s"}}
{"logTime": "1031/150651", "correlationVector":"N1Te47ovZi/Dtcq06Yb+qB.2","action":"Commit Response", "result":"Success", "context":Result: Success. cV=N1Te47ovZi/Dtcq06Yb+qB.0;server=akswtt10700000s;cloudType=Consumer;environment=Prod_francecentral_prod-s01-062-eur-francecentral;migrationStage=NotStarted}
{"logTime": "1031/150719", "correlationVector":"KmyVVDw0ujl9qwkpbbjc/B","action":"Commit Request", "result":"", "context":Item count: 9
Contributing types: Passwords}
{"logTime": "1031/150720", "correlationVector":"KmyVVDw0ujl9qwkpbbjc/B.1","action":"SyncServerConnectionManagerRequest", "result":"SYNC_SERVER_OK", "context":{"environment":"Prod_francecentral_prod-s01-062-eur-francecentral", "migrationStage":"NotStarted", "server":"akswtt107000017"}}
{"logTime": "1031/150720", "correlationVector":"KmyVVDw0ujl9qwkpbbjc/B.2","action":"Commit Response", "result":"Success", "context":Result: Success. cV=KmyVVDw0ujl9qwkpbbjc/B.0;server=akswtt107000017;cloudType=Consumer;environment=Prod_francecentral_prod-s01-062-eur-francecentral;migrationStage=NotStarted}
{"logTime": "1031/150821", "correlationVector":"BiuGmdcVtu4AMhnJFc0XaX","action":"Commit Request", "result":"", "context":Item count: 1
Contributing types: Bookmarks}
{"logTime": "1031/150822", "correlationVector":"BiuGmdcVtu4AMhnJFc0XaX.1","action":"SyncServerConnectionManagerRequest", "result":"SYNC_SERVER_OK", "context":{"environment":"Prod_westeurope_prod-s01-080-eur-westeurope", "migrationStage":"NotStarted", "server":"akswtt10700000c"}}
{"logTime": "1031/150822", "correlationVector":"BiuGmdcVtu4AMhnJFc0XaX.2","action":"Commit Response", "result":"Success", "context":Result: Success. cV=BiuGmdcVtu4AMhnJFc0XaX.0;server=akswtt10700000c;cloudType=Consumer;environment=Prod_westeurope_prod-s01-080-eur-westeurope;migrationStage=NotStarted}
{"logTime": "1031/150908", "correlationVector":"Xj8R+wG0QQyqZ/fC03iD2d","action":"Commit Request", "result":"", "context":Item count: 2
Contributing types: Bookmarks}
{"logTime": "1031/150908", "correlationVector":"Xj8R+wG0QQyqZ/fC03iD2d.1","action":"SyncServerConnectionManagerRequest", "result":"SYNC_SERVER_OK", "context":{"environment":"Prod_westeurope_prod-s01-080-eur-westeurope", "migrationStage":"NotStarted", "server":"akswtt107000025"}}
{"logTime": "1031/150908", "correlationVector":"Xj8R+wG0QQyqZ/fC03iD2d.2","action":"Commit Response", "result":"Success", "context":Result: Success. cV=Xj8R+wG0QQyqZ/fC03iD2d.0;server=akswtt107000025;cloudType=Consumer;environment=Prod_westeurope_prod-s01-080-eur-westeurope;migrationStage=NotStarted}
